c:\users\alexa\desktop\de lumen (project sd)\edunexus\x64\debug\vc145.pdb
c:\users\alexa\desktop\de lumen (project sd)\edunexus\x64\debug\vc145.idb
c:\users\alexa\desktop\de lumen (project sd)\edunexus\x64\debug\studentrepository.obj
c:\users\alexa\desktop\de lumen (project sd)\edunexus\x64\debug\student.obj
c:\users\alexa\desktop\de lumen (project sd)\edunexus\x64\debug\resultviewer.obj
c:\users\alexa\desktop\de lumen (project sd)\edunexus\x64\debug\jsonloader.obj
c:\users\alexa\desktop\de lumen (project sd)\edunexus\x64\debug\enrollmentengine.obj
c:\users\alexa\desktop\de lumen (project sd)\edunexus\x64\debug\edunexus.obj
c:\users\alexa\desktop\de lumen (project sd)\edunexus\x64\debug\curriculum.obj
c:\users\alexa\desktop\de lumen (project sd)\x64\debug\edunexus.exe
c:\users\alexa\desktop\de lumen (project sd)\x64\debug\edunexus.pdb
c:\users\alexa\desktop\de lumen (project sd)\edunexus\x64\debug\edunexus.ilk
c:\users\alexa\desktop\de lumen (project sd)\edunexus\x64\debug\edunexus.tlog\cl.command.1.tlog
c:\users\alexa\desktop\de lumen (project sd)\edunexus\x64\debug\edunexus.tlog\cl.items.tlog
c:\users\alexa\desktop\de lumen (project sd)\edunexus\x64\debug\edunexus.tlog\cl.read.1.tlog
c:\users\alexa\desktop\de lumen (project sd)\edunexus\x64\debug\edunexus.tlog\cl.write.1.tlog
c:\users\alexa\desktop\de lumen (project sd)\edunexus\x64\debug\edunexus.tlog\link.command.1.tlog
c:\users\alexa\desktop\de lumen (project sd)\edunexus\x64\debug\edunexus.tlog\link.read.1.tlog
c:\users\alexa\desktop\de lumen (project sd)\edunexus\x64\debug\edunexus.tlog\link.secondary.1.tlog
c:\users\alexa\desktop\de lumen (project sd)\edunexus\x64\debug\edunexus.tlog\link.write.1.tlog
